<?xml version="1.0" encoding="UTF-8"?>
<testng-results skipped="0" failed="0" ignored="0" total="1" passed="1">
  <reporter-output>
  </reporter-output>
  <suite name="Default suite" duration-ms="81031" started-at="2019-04-05T10:47:04Z" finished-at="2019-04-05T10:48:25Z">
    <groups>
    </groups>
    <test name="Default test" duration-ms="81031" started-at="2019-04-05T10:47:04Z" finished-at="2019-04-05T10:48:25Z">
      <class name="com.takescreenshot.test.TakeScrnshot">
        <test-method status="PASS" signature="takePicture()[pri:0, instance:com.takescreenshot.test.TakeScrnshot@675d3402]" name="takePicture" duration-ms="80998" started-at="2019-04-05T10:47:04Z" finished-at="2019-04-05T10:48:25Z">
          <reporter-output>
          </reporter-output>
        </test-method> <!-- takePicture -->
      </class> <!-- com.takescreenshot.test.TakeScrnshot -->
    </test> <!-- Default test -->
  </suite> <!-- Default suite -->
</testng-results>
